
INFO [2024-01-21T06:52:01.661Z]: Set User: priyanshuqpwp@gmail.com
INFO [2024-01-21T06:52:01.662Z]: {"Telemetry":true}
INFO [2024-01-21T06:52:02.539Z]: extension_initialized
INFO [2024-01-21T06:52:02.539Z]: {"timeToInit":5516,"agent":"cosine-vscode","version":"1.1.2","package":"@cosine/analytics"}
INFO [2024-01-21T07:41:20.781Z]: Set User: priyanshuqpwp@gmail.com
INFO [2024-01-21T07:41:20.781Z]: {"Telemetry":true}
INFO [2024-01-21T07:41:22.229Z]: extension_initialized
INFO [2024-01-21T07:41:22.229Z]: {"timeToInit":8314,"agent":"cosine-vscode","version":"1.1.2","package":"@cosine/analytics"}
INFO [2024-01-21T07:41:35.083Z]: project_languages
INFO [2024-01-21T07:41:35.083Z]: {"languages":["JavaScript","JSON","CSS"],"agent":"cosine-vscode","version":"1.1.2","package":"@cosine/analytics"}
INFO [2024-01-21T07:41:37.039Z]: project_initialize_start
INFO [2024-01-21T07:41:37.039Z]: {"name":"callprep_assignment","languages":["JavaScript","Markdown","JSON","CSS","HTML","TypeScript","YAML","Bash","PHP","Python","XML"],"ignored":["!.vscode/*.code-snippets","!.vscode/extensions.json","!.vscode/launch.json","!.vscode/settings.json","!.vscode/tasks.json","$RECYCLE.BIN/","*.cab","*.lcov","*.lnk","*.log","*.msi","*.msix","*.msm","*.msp","*.pid","*.pid.lock","*.seed","*.stackdump","*.tgz","*.tsbuildinfo","*.vsix","*~",".AppleDB",".AppleDesktop",".AppleDouble",".DS_Store",".DocumentRevisions-V100",".LSOverride",".Spotlight-V100",".TemporaryItems",".Trash-*",".Trashes",".VolumeIcon.icns","._*",".apdisk",".cache",".cache/",".changeset",".com.apple.timemachine.donotpresent",".cosine",".devcontainer",".directory",".docusaurus",".dynamodb/",".env",".env.development.local",".env.local",".env.production.local",".env.test.local",".eslintcache",".expo",".expo-settings",".expo-shared",".fseventsd",".fuse_hidden*",".fusebox/",".git",".github",".gitsecret",".grunt",".history/",".husky",".idea",".lock-wscript",".next",".nfs*",".node_repl_history",".npm",".nuxt",".nyc_output",".parcel-cache",".pnp",".pnp.*",".pnp.js",".pnpm-debug.log*",".rpt2_cache/",".rts2_cache_cjs/",".rts2_cache_es/",".rts2_cache_umd/",".serverless/",".storybook",".stylelintcache",".temp",".tern-port",".turbo",".versionbot",".vs",".vscode-test",".vscode/*",".vuepress/dist",".yarn",".yarn-integrity",".yarn/build-state.yml",".yarn/cache",".yarn/install-state.gz",".yarn/unplugged",".yarnrc","Icon","Network Trash Folder","Temporary Items","Thumbs.db","Thumbs.db:encryptable","[Dd]esktop.ini","_generated","bower_components","build","build/Release","coverage","dist","ehthumbs.db","ehthumbs_vista.db","jspm_packages/","lerna-debug.log*","lib-cov","logs","node_modules/","npm-debug.log*","out","package-lock.json","pids","report.[0-9]*.[0-9]*.[0-9]*.[0-9]*.json","web_modules/","yarn-debug.log*","yarn-error.log*","yarn.lock"],"agent":"cosine-vscode","version":"1.1.2","package":"@cosine/analytics"}
INFO [2024-01-21T07:42:19.225Z]: project_initialize_success
INFO [2024-01-21T07:42:19.225Z]: {"name":"callprep_assignment","languages":["JavaScript","Markdown","JSON","CSS","HTML","TypeScript","YAML","Bash","PHP","Python","XML"],"ignored":["!.vscode/*.code-snippets","!.vscode/extensions.json","!.vscode/launch.json","!.vscode/settings.json","!.vscode/tasks.json","$RECYCLE.BIN/","*.cab","*.lcov","*.lnk","*.log","*.msi","*.msix","*.msm","*.msp","*.pid","*.pid.lock","*.seed","*.stackdump","*.tgz","*.tsbuildinfo","*.vsix","*~",".AppleDB",".AppleDesktop",".AppleDouble",".DS_Store",".DocumentRevisions-V100",".LSOverride",".Spotlight-V100",".TemporaryItems",".Trash-*",".Trashes",".VolumeIcon.icns","._*",".apdisk",".cache",".cache/",".changeset",".com.apple.timemachine.donotpresent",".cosine",".devcontainer",".directory",".docusaurus",".dynamodb/",".env",".env.development.local",".env.local",".env.production.local",".env.test.local",".eslintcache",".expo",".expo-settings",".expo-shared",".fseventsd",".fuse_hidden*",".fusebox/",".git",".github",".gitsecret",".grunt",".history/",".husky",".idea",".lock-wscript",".next",".nfs*",".node_repl_history",".npm",".nuxt",".nyc_output",".parcel-cache",".pnp",".pnp.*",".pnp.js",".pnpm-debug.log*",".rpt2_cache/",".rts2_cache_cjs/",".rts2_cache_es/",".rts2_cache_umd/",".serverless/",".storybook",".stylelintcache",".temp",".tern-port",".turbo",".versionbot",".vs",".vscode-test",".vscode/*",".vuepress/dist",".yarn",".yarn-integrity",".yarn/build-state.yml",".yarn/cache",".yarn/install-state.gz",".yarn/unplugged",".yarnrc","Icon","Network Trash Folder","Temporary Items","Thumbs.db","Thumbs.db:encryptable","[Dd]esktop.ini","_generated","bower_components","build","build/Release","coverage","dist","ehthumbs.db","ehthumbs_vista.db","jspm_packages/","lerna-debug.log*","lib-cov","logs","node_modules/","npm-debug.log*","out","package-lock.json","pids","report.[0-9]*.[0-9]*.[0-9]*.[0-9]*.json","web_modules/","yarn-debug.log*","yarn-error.log*","yarn.lock"],"agent":"cosine-vscode","version":"1.1.2","package":"@cosine/analytics"}
INFO [2024-01-21T07:43:36.980Z]: question_start
INFO [2024-01-21T07:43:36.981Z]: {"prompt":"when user clicks the convert btn then he should be able to toggle between viewArea and cardArea \ninitially only the viewArea should be visible","agent":"cosine-vscode","version":"1.1.2","package":"@cosine/analytics"}
INFO [2024-01-21T07:43:48.459Z]: question_success
INFO [2024-01-21T07:43:48.460Z]: {"prompt":"when user clicks the convert btn then he should be able to toggle between viewArea and cardArea \ninitially only the viewArea should be visible","agent":"cosine-vscode","version":"1.1.2","package":"@cosine/analytics"}
INFO [2024-01-21T07:45:08.698Z]: project_reinitialize_start
INFO [2024-01-21T07:45:08.699Z]: {"agent":"cosine-vscode","version":"1.1.2","package":"@cosine/analytics"}
INFO [2024-01-21T07:45:11.866Z]: project_reinitialize_success
INFO [2024-01-21T07:45:11.866Z]: {"agent":"cosine-vscode","version":"1.1.2","package":"@cosine/analytics"}
INFO [2024-01-21T07:46:04.941Z]: question_start
INFO [2024-01-21T07:46:04.941Z]: {"prompt":"it should be disabled when the json is empty","agent":"cosine-vscode","version":"1.1.2","package":"@cosine/analytics"}
INFO [2024-01-21T07:46:10.513Z]: question_success
INFO [2024-01-21T07:46:10.513Z]: {"prompt":"it should be disabled when the json is empty","agent":"cosine-vscode","version":"1.1.2","package":"@cosine/analytics"}
INFO [2024-01-21T07:46:20.943Z]: project_reinitialize_start
INFO [2024-01-21T07:46:20.943Z]: {"agent":"cosine-vscode","version":"1.1.2","package":"@cosine/analytics"}
INFO [2024-01-21T07:46:23.571Z]: project_reinitialize_success
INFO [2024-01-21T07:46:23.571Z]: {"agent":"cosine-vscode","version":"1.1.2","package":"@cosine/analytics"}
INFO [2024-01-21T07:47:01.881Z]: question_start
INFO [2024-01-21T07:47:01.881Z]: {"prompt":"invisible when cardArea is true","agent":"cosine-vscode","version":"1.1.2","package":"@cosine/analytics"}
INFO [2024-01-21T07:47:08.224Z]: question_success
INFO [2024-01-21T07:47:08.224Z]: {"prompt":"invisible when cardArea is true","agent":"cosine-vscode","version":"1.1.2","package":"@cosine/analytics"}
INFO [2024-01-21T07:47:18.616Z]: project_reinitialize_start
INFO [2024-01-21T07:47:18.616Z]: {"agent":"cosine-vscode","version":"1.1.2","package":"@cosine/analytics"}
INFO [2024-01-21T07:47:21.645Z]: project_reinitialize_success
INFO [2024-01-21T07:47:21.645Z]: {"agent":"cosine-vscode","version":"1.1.2","package":"@cosine/analytics"}
INFO [2024-01-21T07:51:05.776Z]: project_reinitialize_start
INFO [2024-01-21T07:51:05.777Z]: {"agent":"cosine-vscode","version":"1.1.2","package":"@cosine/analytics"}
INFO [2024-01-21T07:51:08.582Z]: project_reinitialize_success
INFO [2024-01-21T07:51:08.583Z]: {"agent":"cosine-vscode","version":"1.1.2","package":"@cosine/analytics"}
INFO [2024-01-21T07:51:41.909Z]: project_reinitialize_start
INFO [2024-01-21T07:51:41.909Z]: {"agent":"cosine-vscode","version":"1.1.2","package":"@cosine/analytics"}
INFO [2024-01-21T07:51:44.295Z]: project_reinitialize_success
INFO [2024-01-21T07:51:44.295Z]: {"agent":"cosine-vscode","version":"1.1.2","package":"@cosine/analytics"}
INFO [2024-01-21T07:53:04.512Z]: project_reinitialize_start
INFO [2024-01-21T07:53:04.512Z]: {"agent":"cosine-vscode","version":"1.1.2","package":"@cosine/analytics"}
INFO [2024-01-21T07:53:07.664Z]: project_reinitialize_success
INFO [2024-01-21T07:53:07.664Z]: {"agent":"cosine-vscode","version":"1.1.2","package":"@cosine/analytics"}
INFO [2024-01-21T08:39:05.019Z]: question_start
INFO [2024-01-21T08:39:05.020Z]: {"prompt":"what does Array.from() method do here ","agent":"cosine-vscode","version":"1.1.2","package":"@cosine/analytics"}
INFO [2024-01-21T08:39:16.699Z]: question_success
INFO [2024-01-21T08:39:16.700Z]: {"prompt":"what does Array.from() method do here ","agent":"cosine-vscode","version":"1.1.2","package":"@cosine/analytics"}
INFO [2024-01-21T08:43:35.098Z]: project_reinitialize_start
INFO [2024-01-21T08:43:35.098Z]: {"agent":"cosine-vscode","version":"1.1.2","package":"@cosine/analytics"}
INFO [2024-01-21T08:43:37.357Z]: project_reinitialize_success
INFO [2024-01-21T08:43:37.358Z]: {"agent":"cosine-vscode","version":"1.1.2","package":"@cosine/analytics"}
INFO [2024-01-21T08:49:33.919Z]: project_reinitialize_start
INFO [2024-01-21T08:49:33.919Z]: {"agent":"cosine-vscode","version":"1.1.2","package":"@cosine/analytics"}
INFO [2024-01-21T08:49:36.332Z]: project_reinitialize_success
INFO [2024-01-21T08:49:36.333Z]: {"agent":"cosine-vscode","version":"1.1.2","package":"@cosine/analytics"}
INFO [2024-01-21T08:50:28.064Z]: project_reinitialize_start
INFO [2024-01-21T08:50:28.064Z]: {"agent":"cosine-vscode","version":"1.1.2","package":"@cosine/analytics"}
INFO [2024-01-21T08:50:30.059Z]: project_reinitialize_success
INFO [2024-01-21T08:50:30.059Z]: {"agent":"cosine-vscode","version":"1.1.2","package":"@cosine/analytics"}
INFO [2024-01-21T08:51:16.142Z]: project_reinitialize_start
INFO [2024-01-21T08:51:16.143Z]: {"agent":"cosine-vscode","version":"1.1.2","package":"@cosine/analytics"}
INFO [2024-01-21T08:51:18.363Z]: project_reinitialize_success
INFO [2024-01-21T08:51:18.363Z]: {"agent":"cosine-vscode","version":"1.1.2","package":"@cosine/analytics"}
INFO [2024-01-21T08:51:31.791Z]: project_reinitialize_start
INFO [2024-01-21T08:51:31.791Z]: {"agent":"cosine-vscode","version":"1.1.2","package":"@cosine/analytics"}
INFO [2024-01-21T08:51:33.857Z]: project_reinitialize_success
INFO [2024-01-21T08:51:33.858Z]: {"agent":"cosine-vscode","version":"1.1.2","package":"@cosine/analytics"}
INFO [2024-01-21T08:51:45.842Z]: project_reinitialize_start
INFO [2024-01-21T08:51:45.843Z]: {"agent":"cosine-vscode","version":"1.1.2","package":"@cosine/analytics"}
INFO [2024-01-21T08:51:48.232Z]: project_reinitialize_success
INFO [2024-01-21T08:51:48.232Z]: {"agent":"cosine-vscode","version":"1.1.2","package":"@cosine/analytics"}
INFO [2024-01-21T08:53:12.879Z]: question_start
INFO [2024-01-21T08:53:12.880Z]: {"prompt":"make a card to show the icon title and code here","agent":"cosine-vscode","version":"1.1.2","package":"@cosine/analytics"}
INFO [2024-01-21T08:53:24.413Z]: question_success
INFO [2024-01-21T08:53:24.413Z]: {"prompt":"make a card to show the icon title and code here","agent":"cosine-vscode","version":"1.1.2","package":"@cosine/analytics"}
INFO [2024-01-21T08:56:14.502Z]: project_reinitialize_start
INFO [2024-01-21T08:56:14.502Z]: {"agent":"cosine-vscode","version":"1.1.2","package":"@cosine/analytics"}
INFO [2024-01-21T08:56:17.197Z]: project_reinitialize_success
INFO [2024-01-21T08:56:17.198Z]: {"agent":"cosine-vscode","version":"1.1.2","package":"@cosine/analytics"}
INFO [2024-01-21T08:56:48.354Z]: question_start
INFO [2024-01-21T08:56:48.354Z]: {"prompt":"map the json in the card components ","agent":"cosine-vscode","version":"1.1.2","package":"@cosine/analytics"}
INFO [2024-01-21T08:57:02.790Z]: question_success
INFO [2024-01-21T08:57:02.790Z]: {"prompt":"map the json in the card components ","agent":"cosine-vscode","version":"1.1.2","package":"@cosine/analytics"}
INFO [2024-01-21T08:57:17.308Z]: project_reinitialize_start
INFO [2024-01-21T08:57:17.308Z]: {"agent":"cosine-vscode","version":"1.1.2","package":"@cosine/analytics"}
INFO [2024-01-21T08:57:21.552Z]: project_reinitialize_success
INFO [2024-01-21T08:57:21.553Z]: {"agent":"cosine-vscode","version":"1.1.2","package":"@cosine/analytics"}
INFO [2024-01-21T08:58:41.096Z]: project_reinitialize_start
INFO [2024-01-21T08:58:41.096Z]: {"agent":"cosine-vscode","version":"1.1.2","package":"@cosine/analytics"}
INFO [2024-01-21T08:58:42.701Z]: project_reinitialize_success
INFO [2024-01-21T08:58:42.702Z]: {"agent":"cosine-vscode","version":"1.1.2","package":"@cosine/analytics"}
INFO [2024-01-21T08:58:51.778Z]: project_reinitialize_start
INFO [2024-01-21T08:58:51.782Z]: {"agent":"cosine-vscode","version":"1.1.2","package":"@cosine/analytics"}
INFO [2024-01-21T08:58:54.018Z]: project_reinitialize_success
INFO [2024-01-21T08:58:54.018Z]: {"agent":"cosine-vscode","version":"1.1.2","package":"@cosine/analytics"}
INFO [2024-01-21T08:59:04.532Z]: project_reinitialize_start
INFO [2024-01-21T08:59:04.532Z]: {"agent":"cosine-vscode","version":"1.1.2","package":"@cosine/analytics"}
INFO [2024-01-21T08:59:06.701Z]: project_reinitialize_success
INFO [2024-01-21T08:59:06.701Z]: {"agent":"cosine-vscode","version":"1.1.2","package":"@cosine/analytics"}
INFO [2024-01-21T09:00:24.194Z]: project_reinitialize_start
INFO [2024-01-21T09:00:24.195Z]: {"agent":"cosine-vscode","version":"1.1.2","package":"@cosine/analytics"}
INFO [2024-01-21T09:00:27.107Z]: project_reinitialize_success
INFO [2024-01-21T09:00:27.112Z]: {"agent":"cosine-vscode","version":"1.1.2","package":"@cosine/analytics"}
INFO [2024-01-21T09:00:57.190Z]: project_reinitialize_start
INFO [2024-01-21T09:00:57.190Z]: {"agent":"cosine-vscode","version":"1.1.2","package":"@cosine/analytics"}
INFO [2024-01-21T09:00:59.121Z]: project_reinitialize_success
INFO [2024-01-21T09:00:59.122Z]: {"agent":"cosine-vscode","version":"1.1.2","package":"@cosine/analytics"}
INFO [2024-01-21T09:01:06.437Z]: project_reinitialize_start
INFO [2024-01-21T09:01:06.438Z]: {"agent":"cosine-vscode","version":"1.1.2","package":"@cosine/analytics"}
INFO [2024-01-21T09:01:08.461Z]: project_reinitialize_success
INFO [2024-01-21T09:01:08.462Z]: {"agent":"cosine-vscode","version":"1.1.2","package":"@cosine/analytics"}
INFO [2024-01-21T09:01:19.156Z]: project_reinitialize_start
INFO [2024-01-21T09:01:19.156Z]: {"agent":"cosine-vscode","version":"1.1.2","package":"@cosine/analytics"}
INFO [2024-01-21T09:01:21.052Z]: project_reinitialize_success
INFO [2024-01-21T09:01:21.052Z]: {"agent":"cosine-vscode","version":"1.1.2","package":"@cosine/analytics"}
INFO [2024-01-21T09:01:50.463Z]: project_reinitialize_start
INFO [2024-01-21T09:01:50.463Z]: {"agent":"cosine-vscode","version":"1.1.2","package":"@cosine/analytics"}
INFO [2024-01-21T09:01:52.846Z]: project_reinitialize_success
INFO [2024-01-21T09:01:52.846Z]: {"agent":"cosine-vscode","version":"1.1.2","package":"@cosine/analytics"}
INFO [2024-01-21T09:02:00.819Z]: project_reinitialize_start
INFO [2024-01-21T09:02:00.819Z]: {"agent":"cosine-vscode","version":"1.1.2","package":"@cosine/analytics"}
INFO [2024-01-21T09:02:03.992Z]: project_reinitialize_success
INFO [2024-01-21T09:02:03.992Z]: {"agent":"cosine-vscode","version":"1.1.2","package":"@cosine/analytics"}
INFO [2024-01-21T09:03:01.850Z]: project_reinitialize_start
INFO [2024-01-21T09:03:01.851Z]: {"agent":"cosine-vscode","version":"1.1.2","package":"@cosine/analytics"}
INFO [2024-01-21T09:03:04.038Z]: project_reinitialize_success
INFO [2024-01-21T09:03:04.038Z]: {"agent":"cosine-vscode","version":"1.1.2","package":"@cosine/analytics"}
INFO [2024-01-21T09:03:16.578Z]: project_reinitialize_start
INFO [2024-01-21T09:03:16.578Z]: {"agent":"cosine-vscode","version":"1.1.2","package":"@cosine/analytics"}
INFO [2024-01-21T09:03:18.746Z]: project_reinitialize_success
INFO [2024-01-21T09:03:18.747Z]: {"agent":"cosine-vscode","version":"1.1.2","package":"@cosine/analytics"}
INFO [2024-01-21T09:03:38.759Z]: project_reinitialize_start
INFO [2024-01-21T09:03:38.760Z]: {"agent":"cosine-vscode","version":"1.1.2","package":"@cosine/analytics"}
INFO [2024-01-21T09:03:40.900Z]: project_reinitialize_success
INFO [2024-01-21T09:03:40.900Z]: {"agent":"cosine-vscode","version":"1.1.2","package":"@cosine/analytics"}
INFO [2024-01-21T09:06:27.236Z]: question_start
INFO [2024-01-21T09:06:27.236Z]: {"prompt":"Task 2: Create a Card Component for Displaying JSON\nCreate a component that displays each JSON dictionary on its own card. These cards should clearly show the structure of the JSON, with sub-objects and arrays formatted to indicate their nesting levels. Use visual elements like indents or tags to help show the relationships between different parts of the JSON data.\n\nRemember, the JSON generator produces a list of dictionary objects, and you need to make a separate card for each dictionary in the list.\n\nGuidelines for Implementation:\nConstruct a Card component that formats and styles the JSON content.\nUse visual indentation, like tree views, to represent nested objects and arrays.\nKeep the design clean and minimalistic, ensuring readability of the JSON content.\nOptionally, use collapsible sections for deeply nested structures to avoid overwhelming users with too much information at once.\n\n\nhelp me with this","agent":"cosine-vscode","version":"1.1.2","package":"@cosine/analytics"}
INFO [2024-01-21T09:06:42.120Z]: question_success
INFO [2024-01-21T09:06:42.120Z]: {"prompt":"Task 2: Create a Card Component for Displaying JSON\nCreate a component that displays each JSON dictionary on its own card. These cards should clearly show the structure of the JSON, with sub-objects and arrays formatted to indicate their nesting levels. Use visual elements like indents or tags to help show the relationships between different parts of the JSON data.\n\nRemember, the JSON generator produces a list of dictionary objects, and you need to make a separate card for each dictionary in the list.\n\nGuidelines for Implementation:\nConstruct a Card component that formats and styles the JSON content.\nUse visual indentation, like tree views, to represent nested objects and arrays.\nKeep the design clean and minimalistic, ensuring readability of the JSON content.\nOptionally, use collapsible sections for deeply nested structures to avoid overwhelming users with too much information at once.\n\n\nhelp me with this","agent":"cosine-vscode","version":"1.1.2","package":"@cosine/analytics"}
INFO [2024-01-21T09:06:58.122Z]: question_start
INFO [2024-01-21T09:06:58.122Z]: {"prompt":" Create a Card Component for Displaying JSON Create a component that displays each JSON dictionary on its own card. These cards should clearly show the structure of the JSON, with sub-objects and arrays formatted to indicate their nesting levels. Use visual elements like indents or tags to help show the relationships between different parts of the JSON data.\n\nRemember, the JSON generator produces a list of dictionary objects, and you need to make a separate card for each dictionary in the list.\n\nGuidelines for Implementation: Construct a Card component that formats and styles the JSON content. Use visual indentation, like tree views, to represent nested objects and arrays. Keep the design clean and minimalistic, ensuring readability of the JSON content. Optionally, use collapsible sections for deeply nested structures to avoid overwhelming users with too much information at once.\n\nhelp me with this","agent":"cosine-vscode","version":"1.1.2","package":"@cosine/analytics"}
INFO [2024-01-21T09:07:13.048Z]: question_success
INFO [2024-01-21T09:07:13.048Z]: {"prompt":" Create a Card Component for Displaying JSON Create a component that displays each JSON dictionary on its own card. These cards should clearly show the structure of the JSON, with sub-objects and arrays formatted to indicate their nesting levels. Use visual elements like indents or tags to help show the relationships between different parts of the JSON data.\n\nRemember, the JSON generator produces a list of dictionary objects, and you need to make a separate card for each dictionary in the list.\n\nGuidelines for Implementation: Construct a Card component that formats and styles the JSON content. Use visual indentation, like tree views, to represent nested objects and arrays. Keep the design clean and minimalistic, ensuring readability of the JSON content. Optionally, use collapsible sections for deeply nested structures to avoid overwhelming users with too much information at once.\n\nhelp me with this","agent":"cosine-vscode","version":"1.1.2","package":"@cosine/analytics"}
INFO [2024-01-21T09:07:41.449Z]: project_reinitialize_start
INFO [2024-01-21T09:07:41.450Z]: {"agent":"cosine-vscode","version":"1.1.2","package":"@cosine/analytics"}
INFO [2024-01-21T09:07:43.919Z]: project_reinitialize_success
INFO [2024-01-21T09:07:43.920Z]: {"agent":"cosine-vscode","version":"1.1.2","package":"@cosine/analytics"}
INFO [2024-01-21T09:07:55.274Z]: project_reinitialize_start
INFO [2024-01-21T09:07:55.274Z]: {"agent":"cosine-vscode","version":"1.1.2","package":"@cosine/analytics"}
INFO [2024-01-21T09:07:58.120Z]: project_reinitialize_success
INFO [2024-01-21T09:07:58.121Z]: {"agent":"cosine-vscode","version":"1.1.2","package":"@cosine/analytics"}
INFO [2024-01-21T09:10:40.379Z]: project_reinitialize_start
INFO [2024-01-21T09:10:40.380Z]: {"agent":"cosine-vscode","version":"1.1.2","package":"@cosine/analytics"}
INFO [2024-01-21T09:10:42.216Z]: project_reinitialize_success
INFO [2024-01-21T09:10:42.216Z]: {"agent":"cosine-vscode","version":"1.1.2","package":"@cosine/analytics"}
INFO [2024-01-21T09:32:12.426Z]: question_start
INFO [2024-01-21T09:32:12.426Z]: {"prompt":"for a card data like this \n{\n    \"oxhrd\": {\n      \"jyntw\": {\n        \"wjhvi\": \"jygis\",\n        \"zeyil\": 74\n      },\n      \"ibxxs\": {\n        \"ockay\": \"herag\",\n        \"bpmxj\": 95\n      }\n    },\n    \"ypdjr\": {\n      \"xhggy\": {\n        \"jxial\": \"drmch\",\n        \"czrpp\": 82\n      },\n      \"qggkb\": {\n        \"scmzl\": 68,\n        \"rihcy\": \"kwnfa\"\n      }\n    }\n  }\n\nmake the data look like\noxhrd :\n  |-jyntw :\n    |-wjhvi : jygis\n    |-zeyil : 74\n  |-ibxxs : \n    |-ockay : herag\n    |bpmxj : 95\n\n....\n\nthere should be quotation marks and color to different key and values","agent":"cosine-vscode","version":"1.1.2","package":"@cosine/analytics"}
INFO [2024-01-21T09:32:30.925Z]: question_start
INFO [2024-01-21T09:32:30.925Z]: {"prompt":"for a card data like this { \"oxhrd\": { \"jyntw\": { \"wjhvi\": \"jygis\", \"zeyil\": 74 }, \"ibxxs\": { \"ockay\": \"herag\", \"bpmxj\": 95 } }, \"ypdjr\": { \"xhggy\": { \"jxial\": \"drmch\", \"czrpp\": 82 }, \"qggkb\": { \"scmzl\": 68, \"rihcy\": \"kwnfa\" } } }\n\nmake the data look like oxhrd : |-jyntw : |-wjhvi : jygis |-zeyil : 74 |-ibxxs : |-ockay : herag |bpmxj : 95\n\n....\n\nthere should be quotation marks and color to different key and values","agent":"cosine-vscode","version":"1.1.2","package":"@cosine/analytics"}
INFO [2024-01-21T09:32:51.708Z]: question_success
INFO [2024-01-21T09:32:51.709Z]: {"prompt":"for a card data like this { \"oxhrd\": { \"jyntw\": { \"wjhvi\": \"jygis\", \"zeyil\": 74 }, \"ibxxs\": { \"ockay\": \"herag\", \"bpmxj\": 95 } }, \"ypdjr\": { \"xhggy\": { \"jxial\": \"drmch\", \"czrpp\": 82 }, \"qggkb\": { \"scmzl\": 68, \"rihcy\": \"kwnfa\" } } }\n\nmake the data look like oxhrd : |-jyntw : |-wjhvi : jygis |-zeyil : 74 |-ibxxs : |-ockay : herag |bpmxj : 95\n\n....\n\nthere should be quotation marks and color to different key and values","agent":"cosine-vscode","version":"1.1.2","package":"@cosine/analytics"}
INFO [2024-01-21T09:32:53.919Z]: project_reinitialize_start
INFO [2024-01-21T09:32:53.919Z]: {"agent":"cosine-vscode","version":"1.1.2","package":"@cosine/analytics"}
INFO [2024-01-21T09:32:56.160Z]: project_reinitialize_success
INFO [2024-01-21T09:32:56.160Z]: {"agent":"cosine-vscode","version":"1.1.2","package":"@cosine/analytics"}
INFO [2024-01-21T09:33:43.366Z]: question_start
INFO [2024-01-21T09:33:43.367Z]: {"prompt":"for a card data like this { \"oxhrd\": { \"jyntw\": { \"wjhvi\": \"jygis\", \"zeyil\": 74 }, \"ibxxs\": { \"ockay\": \"herag\", \"bpmxj\": 95 } }, \"ypdjr\": { \"xhggy\": { \"jxial\": \"drmch\", \"czrpp\": 82 }, \"qggkb\": { \"scmzl\": 68, \"rihcy\": \"kwnfa\" } } }\n\nmake the data look like oxhrd : |-jyntw : |-wjhvi : jygis |-zeyil : 74 |-ibxxs : |-ockay : herag |bpmxj : 95\n\n....\n\nthere should be quotation marks and it should be like tree view","agent":"cosine-vscode","version":"1.1.2","package":"@cosine/analytics"}
INFO [2024-01-21T09:33:58.838Z]: question_success
INFO [2024-01-21T09:33:58.838Z]: {"prompt":"for a card data like this { \"oxhrd\": { \"jyntw\": { \"wjhvi\": \"jygis\", \"zeyil\": 74 }, \"ibxxs\": { \"ockay\": \"herag\", \"bpmxj\": 95 } }, \"ypdjr\": { \"xhggy\": { \"jxial\": \"drmch\", \"czrpp\": 82 }, \"qggkb\": { \"scmzl\": 68, \"rihcy\": \"kwnfa\" } } }\n\nmake the data look like oxhrd : |-jyntw : |-wjhvi : jygis |-zeyil : 74 |-ibxxs : |-ockay : herag |bpmxj : 95\n\n....\n\nthere should be quotation marks and it should be like tree view","agent":"cosine-vscode","version":"1.1.2","package":"@cosine/analytics"}
INFO [2024-01-21T09:34:02.648Z]: project_reinitialize_start
INFO [2024-01-21T09:34:02.649Z]: {"agent":"cosine-vscode","version":"1.1.2","package":"@cosine/analytics"}
INFO [2024-01-21T09:34:04.885Z]: project_reinitialize_success
INFO [2024-01-21T09:34:04.885Z]: {"agent":"cosine-vscode","version":"1.1.2","package":"@cosine/analytics"}
INFO [2024-01-21T09:34:26.976Z]: project_reinitialize_start
INFO [2024-01-21T09:34:26.976Z]: {"agent":"cosine-vscode","version":"1.1.2","package":"@cosine/analytics"}
INFO [2024-01-21T09:34:29.653Z]: project_reinitialize_success
INFO [2024-01-21T09:34:29.653Z]: {"agent":"cosine-vscode","version":"1.1.2","package":"@cosine/analytics"}
INFO [2024-01-21T09:37:38.967Z]: project_reinitialize_start
INFO [2024-01-21T09:37:38.968Z]: {"agent":"cosine-vscode","version":"1.1.2","package":"@cosine/analytics"}
INFO [2024-01-21T09:37:39.695Z]: project_reinitialize_success
INFO [2024-01-21T09:37:39.695Z]: {"agent":"cosine-vscode","version":"1.1.2","package":"@cosine/analytics"}
INFO [2024-01-21T09:37:47.556Z]: project_reinitialize_start
INFO [2024-01-21T09:37:47.556Z]: {"agent":"cosine-vscode","version":"1.1.2","package":"@cosine/analytics"}
INFO [2024-01-21T09:37:48.303Z]: project_reinitialize_success
INFO [2024-01-21T09:37:48.303Z]: {"agent":"cosine-vscode","version":"1.1.2","package":"@cosine/analytics"}
INFO [2024-01-21T09:42:00.653Z]: project_reinitialize_start
INFO [2024-01-21T09:42:00.653Z]: {"agent":"cosine-vscode","version":"1.1.2","package":"@cosine/analytics"}
INFO [2024-01-21T09:42:03.444Z]: project_reinitialize_success
INFO [2024-01-21T09:42:03.444Z]: {"agent":"cosine-vscode","version":"1.1.2","package":"@cosine/analytics"}
INFO [2024-01-21T09:42:41.339Z]: project_reinitialize_start
INFO [2024-01-21T09:42:41.340Z]: {"agent":"cosine-vscode","version":"1.1.2","package":"@cosine/analytics"}
INFO [2024-01-21T09:42:43.463Z]: project_reinitialize_success
INFO [2024-01-21T09:42:43.464Z]: {"agent":"cosine-vscode","version":"1.1.2","package":"@cosine/analytics"}
INFO [2024-01-21T09:43:40.850Z]: project_reinitialize_start
INFO [2024-01-21T09:43:40.850Z]: {"agent":"cosine-vscode","version":"1.1.2","package":"@cosine/analytics"}
INFO [2024-01-21T09:43:42.843Z]: project_reinitialize_success
INFO [2024-01-21T09:43:42.843Z]: {"agent":"cosine-vscode","version":"1.1.2","package":"@cosine/analytics"}
INFO [2024-01-21T09:44:37.627Z]: project_reinitialize_start
INFO [2024-01-21T09:44:37.627Z]: {"agent":"cosine-vscode","version":"1.1.2","package":"@cosine/analytics"}
INFO [2024-01-21T09:44:40.979Z]: project_reinitialize_success
INFO [2024-01-21T09:44:40.979Z]: {"agent":"cosine-vscode","version":"1.1.2","package":"@cosine/analytics"}
INFO [2024-01-21T09:44:49.688Z]: project_reinitialize_start
INFO [2024-01-21T09:44:49.688Z]: {"agent":"cosine-vscode","version":"1.1.2","package":"@cosine/analytics"}
INFO [2024-01-21T09:44:51.737Z]: project_reinitialize_success
INFO [2024-01-21T09:44:51.738Z]: {"agent":"cosine-vscode","version":"1.1.2","package":"@cosine/analytics"}
INFO [2024-01-21T09:45:56.007Z]: project_reinitialize_start
INFO [2024-01-21T09:45:56.008Z]: {"agent":"cosine-vscode","version":"1.1.2","package":"@cosine/analytics"}
INFO [2024-01-21T09:45:58.113Z]: project_reinitialize_success
INFO [2024-01-21T09:45:58.113Z]: {"agent":"cosine-vscode","version":"1.1.2","package":"@cosine/analytics"}
INFO [2024-01-21T09:46:32.066Z]: project_reinitialize_start
INFO [2024-01-21T09:46:32.066Z]: {"agent":"cosine-vscode","version":"1.1.2","package":"@cosine/analytics"}
INFO [2024-01-21T09:46:34.028Z]: project_reinitialize_success
INFO [2024-01-21T09:46:34.029Z]: {"agent":"cosine-vscode","version":"1.1.2","package":"@cosine/analytics"}
INFO [2024-01-21T09:55:31.848Z]: project_reinitialize_start
INFO [2024-01-21T09:55:31.850Z]: {"agent":"cosine-vscode","version":"1.1.2","package":"@cosine/analytics"}
INFO [2024-01-21T09:55:36.086Z]: project_reinitialize_success
INFO [2024-01-21T09:55:36.086Z]: {"agent":"cosine-vscode","version":"1.1.2","package":"@cosine/analytics"}
INFO [2024-01-21T09:56:00.890Z]: project_reinitialize_start
INFO [2024-01-21T09:56:00.890Z]: {"agent":"cosine-vscode","version":"1.1.2","package":"@cosine/analytics"}
INFO [2024-01-21T09:56:03.199Z]: project_reinitialize_success
INFO [2024-01-21T09:56:03.199Z]: {"agent":"cosine-vscode","version":"1.1.2","package":"@cosine/analytics"}
INFO [2024-01-21T09:58:20.161Z]: project_reinitialize_start
INFO [2024-01-21T09:58:20.162Z]: {"agent":"cosine-vscode","version":"1.1.2","package":"@cosine/analytics"}
INFO [2024-01-21T09:58:22.921Z]: project_reinitialize_success
INFO [2024-01-21T09:58:22.922Z]: {"agent":"cosine-vscode","version":"1.1.2","package":"@cosine/analytics"}
INFO [2024-01-21T10:02:45.015Z]: project_reinitialize_start
INFO [2024-01-21T10:02:45.016Z]: {"agent":"cosine-vscode","version":"1.1.2","package":"@cosine/analytics"}
INFO [2024-01-21T10:02:47.902Z]: project_reinitialize_success
INFO [2024-01-21T10:02:47.903Z]: {"agent":"cosine-vscode","version":"1.1.2","package":"@cosine/analytics"}
INFO [2024-01-21T10:03:52.123Z]: project_reinitialize_start
INFO [2024-01-21T10:03:52.124Z]: {"agent":"cosine-vscode","version":"1.1.2","package":"@cosine/analytics"}
INFO [2024-01-21T10:03:54.824Z]: project_reinitialize_success
INFO [2024-01-21T10:03:54.825Z]: {"agent":"cosine-vscode","version":"1.1.2","package":"@cosine/analytics"}
INFO [2024-01-21T10:04:42.440Z]: project_reinitialize_start
INFO [2024-01-21T10:04:42.441Z]: {"agent":"cosine-vscode","version":"1.1.2","package":"@cosine/analytics"}
INFO [2024-01-21T10:04:44.955Z]: project_reinitialize_success
INFO [2024-01-21T10:04:44.955Z]: {"agent":"cosine-vscode","version":"1.1.2","package":"@cosine/analytics"}
INFO [2024-01-21T10:07:17.746Z]: project_reinitialize_start
INFO [2024-01-21T10:07:17.747Z]: {"agent":"cosine-vscode","version":"1.1.2","package":"@cosine/analytics"}
INFO [2024-01-21T10:07:20.986Z]: project_reinitialize_success
INFO [2024-01-21T10:07:20.987Z]: {"agent":"cosine-vscode","version":"1.1.2","package":"@cosine/analytics"}
INFO [2024-01-21T10:07:41.234Z]: project_reinitialize_start
INFO [2024-01-21T10:07:41.234Z]: {"agent":"cosine-vscode","version":"1.1.2","package":"@cosine/analytics"}
INFO [2024-01-21T10:07:43.669Z]: project_reinitialize_success
INFO [2024-01-21T10:07:43.669Z]: {"agent":"cosine-vscode","version":"1.1.2","package":"@cosine/analytics"}
INFO [2024-01-21T10:09:41.504Z]: project_reinitialize_start
INFO [2024-01-21T10:09:41.505Z]: {"agent":"cosine-vscode","version":"1.1.2","package":"@cosine/analytics"}
INFO [2024-01-21T10:09:44.232Z]: project_reinitialize_success
INFO [2024-01-21T10:09:44.232Z]: {"agent":"cosine-vscode","version":"1.1.2","package":"@cosine/analytics"}
INFO [2024-01-21T10:10:24.895Z]: project_reinitialize_start
INFO [2024-01-21T10:10:24.896Z]: {"agent":"cosine-vscode","version":"1.1.2","package":"@cosine/analytics"}
INFO [2024-01-21T10:10:27.793Z]: project_reinitialize_success
INFO [2024-01-21T10:10:27.794Z]: {"agent":"cosine-vscode","version":"1.1.2","package":"@cosine/analytics"}
INFO [2024-01-21T10:10:39.075Z]: project_reinitialize_start
INFO [2024-01-21T10:10:39.076Z]: {"agent":"cosine-vscode","version":"1.1.2","package":"@cosine/analytics"}
INFO [2024-01-21T10:10:41.620Z]: project_reinitialize_success
INFO [2024-01-21T10:10:41.621Z]: {"agent":"cosine-vscode","version":"1.1.2","package":"@cosine/analytics"}
INFO [2024-01-21T10:11:54.906Z]: project_reinitialize_start
INFO [2024-01-21T10:11:54.907Z]: {"agent":"cosine-vscode","version":"1.1.2","package":"@cosine/analytics"}
INFO [2024-01-21T10:11:57.397Z]: project_reinitialize_success
INFO [2024-01-21T10:11:57.398Z]: {"agent":"cosine-vscode","version":"1.1.2","package":"@cosine/analytics"}
INFO [2024-01-21T10:13:16.302Z]: project_reinitialize_start
INFO [2024-01-21T10:13:16.303Z]: {"agent":"cosine-vscode","version":"1.1.2","package":"@cosine/analytics"}
INFO [2024-01-21T10:13:18.916Z]: project_reinitialize_success
INFO [2024-01-21T10:13:18.916Z]: {"agent":"cosine-vscode","version":"1.1.2","package":"@cosine/analytics"}
INFO [2024-01-21T10:13:33.462Z]: project_reinitialize_start
INFO [2024-01-21T10:13:33.462Z]: {"agent":"cosine-vscode","version":"1.1.2","package":"@cosine/analytics"}
INFO [2024-01-21T10:13:35.863Z]: project_reinitialize_success
INFO [2024-01-21T10:13:35.864Z]: {"agent":"cosine-vscode","version":"1.1.2","package":"@cosine/analytics"}
INFO [2024-01-21T10:14:07.016Z]: project_reinitialize_start
INFO [2024-01-21T10:14:07.016Z]: {"agent":"cosine-vscode","version":"1.1.2","package":"@cosine/analytics"}
INFO [2024-01-21T10:14:09.612Z]: project_reinitialize_success
INFO [2024-01-21T10:14:09.612Z]: {"agent":"cosine-vscode","version":"1.1.2","package":"@cosine/analytics"}
INFO [2024-01-21T10:14:38.822Z]: project_reinitialize_start
INFO [2024-01-21T10:14:38.823Z]: {"agent":"cosine-vscode","version":"1.1.2","package":"@cosine/analytics"}
INFO [2024-01-21T10:14:41.730Z]: project_reinitialize_success
INFO [2024-01-21T10:14:41.730Z]: {"agent":"cosine-vscode","version":"1.1.2","package":"@cosine/analytics"}
INFO [2024-01-21T10:15:05.874Z]: project_reinitialize_start
INFO [2024-01-21T10:15:05.875Z]: {"agent":"cosine-vscode","version":"1.1.2","package":"@cosine/analytics"}
INFO [2024-01-21T10:15:08.465Z]: project_reinitialize_success
INFO [2024-01-21T10:15:08.465Z]: {"agent":"cosine-vscode","version":"1.1.2","package":"@cosine/analytics"}
INFO [2024-01-21T10:15:34.412Z]: project_reinitialize_start
INFO [2024-01-21T10:15:34.413Z]: {"agent":"cosine-vscode","version":"1.1.2","package":"@cosine/analytics"}
INFO [2024-01-21T10:15:36.802Z]: project_reinitialize_success
INFO [2024-01-21T10:15:36.803Z]: {"agent":"cosine-vscode","version":"1.1.2","package":"@cosine/analytics"}
INFO [2024-01-21T10:16:36.952Z]: project_reinitialize_start
INFO [2024-01-21T10:16:36.952Z]: {"agent":"cosine-vscode","version":"1.1.2","package":"@cosine/analytics"}
INFO [2024-01-21T10:16:39.105Z]: project_reinitialize_success
INFO [2024-01-21T10:16:39.105Z]: {"agent":"cosine-vscode","version":"1.1.2","package":"@cosine/analytics"}
INFO [2024-01-21T10:19:18.128Z]: project_reinitialize_start
INFO [2024-01-21T10:19:18.128Z]: {"agent":"cosine-vscode","version":"1.1.2","package":"@cosine/analytics"}
INFO [2024-01-21T10:19:20.261Z]: project_reinitialize_success
INFO [2024-01-21T10:19:20.261Z]: {"agent":"cosine-vscode","version":"1.1.2","package":"@cosine/analytics"}
INFO [2024-01-21T10:19:57.186Z]: project_reinitialize_start
INFO [2024-01-21T10:19:57.186Z]: {"agent":"cosine-vscode","version":"1.1.2","package":"@cosine/analytics"}
INFO [2024-01-21T10:19:59.109Z]: project_reinitialize_success
INFO [2024-01-21T10:19:59.110Z]: {"agent":"cosine-vscode","version":"1.1.2","package":"@cosine/analytics"}
INFO [2024-01-21T10:21:20.148Z]: question_start
INFO [2024-01-21T10:21:20.148Z]: {"prompt":"the json should be in object syntax form","agent":"cosine-vscode","version":"1.1.2","package":"@cosine/analytics"}
INFO [2024-01-21T10:21:20.334Z]: question_failure
INFO [2024-01-21T10:21:20.335Z]: {"prompt":"the json should be in object syntax form","agent":"cosine-vscode","version":"1.1.2","package":"@cosine/analytics"}
INFO [2024-01-21T10:22:26.873Z]: project_reinitialize_start
INFO [2024-01-21T10:22:26.873Z]: {"agent":"cosine-vscode","version":"1.1.2","package":"@cosine/analytics"}
INFO [2024-01-21T10:22:29.642Z]: project_reinitialize_success
INFO [2024-01-21T10:22:29.642Z]: {"agent":"cosine-vscode","version":"1.1.2","package":"@cosine/analytics"}
INFO [2024-01-21T10:22:58.832Z]: project_reinitialize_start
INFO [2024-01-21T10:22:58.833Z]: {"agent":"cosine-vscode","version":"1.1.2","package":"@cosine/analytics"}
INFO [2024-01-21T10:23:00.105Z]: project_reinitialize_success
INFO [2024-01-21T10:23:00.106Z]: {"agent":"cosine-vscode","version":"1.1.2","package":"@cosine/analytics"}
INFO [2024-01-21T10:23:14.626Z]: project_reinitialize_start
INFO [2024-01-21T10:23:14.627Z]: {"agent":"cosine-vscode","version":"1.1.2","package":"@cosine/analytics"}
INFO [2024-01-21T10:23:17.233Z]: project_reinitialize_success
INFO [2024-01-21T10:23:17.233Z]: {"agent":"cosine-vscode","version":"1.1.2","package":"@cosine/analytics"}
INFO [2024-01-21T10:23:27.586Z]: project_reinitialize_start
INFO [2024-01-21T10:23:27.587Z]: {"agent":"cosine-vscode","version":"1.1.2","package":"@cosine/analytics"}
INFO [2024-01-21T10:23:30.247Z]: project_reinitialize_success
INFO [2024-01-21T10:23:30.248Z]: {"agent":"cosine-vscode","version":"1.1.2","package":"@cosine/analytics"}
INFO [2024-01-21T10:26:40.887Z]: project_reinitialize_start
INFO [2024-01-21T10:26:40.887Z]: {"agent":"cosine-vscode","version":"1.1.2","package":"@cosine/analytics"}
INFO [2024-01-21T10:26:44.248Z]: project_reinitialize_success
INFO [2024-01-21T10:26:44.248Z]: {"agent":"cosine-vscode","version":"1.1.2","package":"@cosine/analytics"}
INFO [2024-01-21T10:28:06.123Z]: project_reinitialize_start
INFO [2024-01-21T10:28:06.124Z]: {"agent":"cosine-vscode","version":"1.1.2","package":"@cosine/analytics"}
INFO [2024-01-21T10:28:07.280Z]: project_reinitialize_success
INFO [2024-01-21T10:28:07.281Z]: {"agent":"cosine-vscode","version":"1.1.2","package":"@cosine/analytics"}
INFO [2024-01-21T10:28:19.487Z]: project_reinitialize_start
INFO [2024-01-21T10:28:19.488Z]: {"agent":"cosine-vscode","version":"1.1.2","package":"@cosine/analytics"}
INFO [2024-01-21T10:28:20.647Z]: project_reinitialize_success
INFO [2024-01-21T10:28:20.648Z]: {"agent":"cosine-vscode","version":"1.1.2","package":"@cosine/analytics"}
INFO [2024-01-21T10:28:48.342Z]: project_reinitialize_start
INFO [2024-01-21T10:28:48.343Z]: {"agent":"cosine-vscode","version":"1.1.2","package":"@cosine/analytics"}
INFO [2024-01-21T10:28:50.957Z]: project_reinitialize_success
INFO [2024-01-21T10:28:50.958Z]: {"agent":"cosine-vscode","version":"1.1.2","package":"@cosine/analytics"}
INFO [2024-01-21T10:29:57.450Z]: question_start
INFO [2024-01-21T10:29:57.450Z]: {"prompt":"on clicking the btn the coee should be copied ","agent":"cosine-vscode","version":"1.1.2","package":"@cosine/analytics"}
INFO [2024-01-21T10:29:57.633Z]: question_failure
INFO [2024-01-21T10:29:57.633Z]: {"prompt":"on clicking the btn the coee should be copied ","agent":"cosine-vscode","version":"1.1.2","package":"@cosine/analytics"}
INFO [2024-01-21T10:31:16.453Z]: project_reinitialize_start
INFO [2024-01-21T10:31:16.454Z]: {"agent":"cosine-vscode","version":"1.1.2","package":"@cosine/analytics"}
INFO [2024-01-21T10:31:19.128Z]: project_reinitialize_success
INFO [2024-01-21T10:31:19.128Z]: {"agent":"cosine-vscode","version":"1.1.2","package":"@cosine/analytics"}
INFO [2024-01-21T10:31:39.324Z]: project_reinitialize_start
INFO [2024-01-21T10:31:39.325Z]: {"agent":"cosine-vscode","version":"1.1.2","package":"@cosine/analytics"}
INFO [2024-01-21T10:31:41.627Z]: project_reinitialize_success
INFO [2024-01-21T10:31:41.628Z]: {"agent":"cosine-vscode","version":"1.1.2","package":"@cosine/analytics"}
INFO [2024-01-21T10:31:50.508Z]: project_reinitialize_start
INFO [2024-01-21T10:31:50.508Z]: {"agent":"cosine-vscode","version":"1.1.2","package":"@cosine/analytics"}
INFO [2024-01-21T10:31:53.270Z]: project_reinitialize_success
INFO [2024-01-21T10:31:53.277Z]: {"agent":"cosine-vscode","version":"1.1.2","package":"@cosine/analytics"}
INFO [2024-01-21T10:31:57.770Z]: project_reinitialize_start
INFO [2024-01-21T10:31:57.770Z]: {"agent":"cosine-vscode","version":"1.1.2","package":"@cosine/analytics"}
INFO [2024-01-21T10:32:00.174Z]: project_reinitialize_success
INFO [2024-01-21T10:32:00.174Z]: {"agent":"cosine-vscode","version":"1.1.2","package":"@cosine/analytics"}
INFO [2024-01-21T10:32:04.185Z]: project_reinitialize_start
INFO [2024-01-21T10:32:04.186Z]: {"agent":"cosine-vscode","version":"1.1.2","package":"@cosine/analytics"}
INFO [2024-01-21T10:32:05.296Z]: project_reinitialize_success
INFO [2024-01-21T10:32:05.296Z]: {"agent":"cosine-vscode","version":"1.1.2","package":"@cosine/analytics"}
INFO [2024-01-21T10:32:27.585Z]: project_reinitialize_start
INFO [2024-01-21T10:32:27.586Z]: {"agent":"cosine-vscode","version":"1.1.2","package":"@cosine/analytics"}
INFO [2024-01-21T10:32:27.943Z]: project_reinitialize_start
INFO [2024-01-21T10:32:27.943Z]: {"agent":"cosine-vscode","version":"1.1.2","package":"@cosine/analytics"}
INFO [2024-01-21T10:32:28.918Z]: project_reinitialize_success
INFO [2024-01-21T10:32:28.919Z]: {"agent":"cosine-vscode","version":"1.1.2","package":"@cosine/analytics"}
INFO [2024-01-21T10:32:29.857Z]: project_reinitialize_success
INFO [2024-01-21T10:32:29.858Z]: {"agent":"cosine-vscode","version":"1.1.2","package":"@cosine/analytics"}
INFO [2024-01-21T10:32:37.918Z]: project_reinitialize_start
INFO [2024-01-21T10:32:37.918Z]: {"agent":"cosine-vscode","version":"1.1.2","package":"@cosine/analytics"}
INFO [2024-01-21T10:32:40.228Z]: project_reinitialize_success
INFO [2024-01-21T10:32:40.228Z]: {"agent":"cosine-vscode","version":"1.1.2","package":"@cosine/analytics"}
INFO [2024-01-21T10:33:07.757Z]: project_reinitialize_start
INFO [2024-01-21T10:33:07.757Z]: {"agent":"cosine-vscode","version":"1.1.2","package":"@cosine/analytics"}
INFO [2024-01-21T10:33:09.811Z]: project_reinitialize_success
INFO [2024-01-21T10:33:09.811Z]: {"agent":"cosine-vscode","version":"1.1.2","package":"@cosine/analytics"}
INFO [2024-01-21T10:34:18.935Z]: project_reinitialize_start
INFO [2024-01-21T10:34:18.935Z]: {"agent":"cosine-vscode","version":"1.1.2","package":"@cosine/analytics"}
INFO [2024-01-21T10:34:19.843Z]: project_reinitialize_success
INFO [2024-01-21T10:34:19.843Z]: {"agent":"cosine-vscode","version":"1.1.2","package":"@cosine/analytics"}
INFO [2024-01-21T10:36:54.807Z]: project_reinitialize_start
INFO [2024-01-21T10:36:54.808Z]: {"agent":"cosine-vscode","version":"1.1.2","package":"@cosine/analytics"}
INFO [2024-01-21T10:36:57.659Z]: project_reinitialize_success
INFO [2024-01-21T10:36:57.660Z]: {"agent":"cosine-vscode","version":"1.1.2","package":"@cosine/analytics"}
INFO [2024-01-21T10:38:07.240Z]: project_reinitialize_start
INFO [2024-01-21T10:38:07.240Z]: {"agent":"cosine-vscode","version":"1.1.2","package":"@cosine/analytics"}
INFO [2024-01-21T10:38:09.169Z]: project_reinitialize_success
INFO [2024-01-21T10:38:09.170Z]: {"agent":"cosine-vscode","version":"1.1.2","package":"@cosine/analytics"}
INFO [2024-01-21T10:38:31.295Z]: project_reinitialize_start
INFO [2024-01-21T10:38:31.295Z]: {"agent":"cosine-vscode","version":"1.1.2","package":"@cosine/analytics"}
INFO [2024-01-21T10:38:33.684Z]: project_reinitialize_success
INFO [2024-01-21T10:38:33.684Z]: {"agent":"cosine-vscode","version":"1.1.2","package":"@cosine/analytics"}
INFO [2024-01-21T10:38:54.256Z]: project_reinitialize_start
INFO [2024-01-21T10:38:54.257Z]: {"agent":"cosine-vscode","version":"1.1.2","package":"@cosine/analytics"}
INFO [2024-01-21T10:38:57.660Z]: project_reinitialize_success
INFO [2024-01-21T10:38:57.660Z]: {"agent":"cosine-vscode","version":"1.1.2","package":"@cosine/analytics"}
INFO [2024-01-21T10:40:15.397Z]: project_reinitialize_start
INFO [2024-01-21T10:40:15.398Z]: {"agent":"cosine-vscode","version":"1.1.2","package":"@cosine/analytics"}
INFO [2024-01-21T10:40:18.031Z]: project_reinitialize_success
INFO [2024-01-21T10:40:18.031Z]: {"agent":"cosine-vscode","version":"1.1.2","package":"@cosine/analytics"}
INFO [2024-01-21T10:40:31.128Z]: project_reinitialize_start
INFO [2024-01-21T10:40:31.130Z]: {"agent":"cosine-vscode","version":"1.1.2","package":"@cosine/analytics"}
INFO [2024-01-21T10:40:33.468Z]: project_reinitialize_success
INFO [2024-01-21T10:40:33.469Z]: {"agent":"cosine-vscode","version":"1.1.2","package":"@cosine/analytics"}
INFO [2024-01-21T10:44:29.750Z]: project_reinitialize_start
INFO [2024-01-21T10:44:29.750Z]: {"agent":"cosine-vscode","version":"1.1.2","package":"@cosine/analytics"}
INFO [2024-01-21T10:44:33.558Z]: project_reinitialize_success
INFO [2024-01-21T10:44:33.559Z]: {"agent":"cosine-vscode","version":"1.1.2","package":"@cosine/analytics"}
INFO [2024-01-21T10:48:58.552Z]: project_reinitialize_start
INFO [2024-01-21T10:48:58.552Z]: {"agent":"cosine-vscode","version":"1.1.2","package":"@cosine/analytics"}
INFO [2024-01-21T10:49:01.046Z]: project_reinitialize_success
INFO [2024-01-21T10:49:01.047Z]: {"agent":"cosine-vscode","version":"1.1.2","package":"@cosine/analytics"}
INFO [2024-01-21T10:49:25.179Z]: project_reinitialize_start
INFO [2024-01-21T10:49:25.180Z]: {"agent":"cosine-vscode","version":"1.1.2","package":"@cosine/analytics"}
INFO [2024-01-21T10:49:27.439Z]: project_reinitialize_success
INFO [2024-01-21T10:49:27.440Z]: {"agent":"cosine-vscode","version":"1.1.2","package":"@cosine/analytics"}
INFO [2024-01-21T10:51:08.176Z]: project_reinitialize_start
INFO [2024-01-21T10:51:08.177Z]: {"agent":"cosine-vscode","version":"1.1.2","package":"@cosine/analytics"}
INFO [2024-01-21T10:51:10.894Z]: project_reinitialize_success
INFO [2024-01-21T10:51:10.894Z]: {"agent":"cosine-vscode","version":"1.1.2","package":"@cosine/analytics"}
INFO [2024-01-21T10:53:22.280Z]: project_reinitialize_start
INFO [2024-01-21T10:53:22.281Z]: {"agent":"cosine-vscode","version":"1.1.2","package":"@cosine/analytics"}
INFO [2024-01-21T10:53:24.752Z]: project_reinitialize_success
INFO [2024-01-21T10:53:24.753Z]: {"agent":"cosine-vscode","version":"1.1.2","package":"@cosine/analytics"}
INFO [2024-01-21T10:56:23.552Z]: project_reinitialize_start
INFO [2024-01-21T10:56:23.553Z]: {"agent":"cosine-vscode","version":"1.1.2","package":"@cosine/analytics"}
INFO [2024-01-21T10:56:27.251Z]: project_reinitialize_success
INFO [2024-01-21T10:56:27.251Z]: {"agent":"cosine-vscode","version":"1.1.2","package":"@cosine/analytics"}
INFO [2024-01-21T10:56:44.473Z]: project_reinitialize_start
INFO [2024-01-21T10:56:44.474Z]: {"agent":"cosine-vscode","version":"1.1.2","package":"@cosine/analytics"}
INFO [2024-01-21T10:56:47.668Z]: project_reinitialize_success
INFO [2024-01-21T10:56:47.668Z]: {"agent":"cosine-vscode","version":"1.1.2","package":"@cosine/analytics"}
INFO [2024-01-21T10:56:58.422Z]: project_reinitialize_start
INFO [2024-01-21T10:56:58.423Z]: {"agent":"cosine-vscode","version":"1.1.2","package":"@cosine/analytics"}
INFO [2024-01-21T10:57:00.652Z]: project_reinitialize_success
INFO [2024-01-21T10:57:00.653Z]: {"agent":"cosine-vscode","version":"1.1.2","package":"@cosine/analytics"}
INFO [2024-01-21T10:57:03.721Z]: project_reinitialize_start
INFO [2024-01-21T10:57:03.722Z]: {"agent":"cosine-vscode","version":"1.1.2","package":"@cosine/analytics"}
INFO [2024-01-21T10:57:06.228Z]: project_reinitialize_success
INFO [2024-01-21T10:57:06.229Z]: {"agent":"cosine-vscode","version":"1.1.2","package":"@cosine/analytics"}
INFO [2024-01-21T10:59:20.368Z]: project_reinitialize_start
INFO [2024-01-21T10:59:20.369Z]: {"agent":"cosine-vscode","version":"1.1.2","package":"@cosine/analytics"}
INFO [2024-01-21T10:59:22.686Z]: project_reinitialize_success
INFO [2024-01-21T10:59:22.686Z]: {"agent":"cosine-vscode","version":"1.1.2","package":"@cosine/analytics"}
INFO [2024-01-21T11:00:36.495Z]: project_reinitialize_start
INFO [2024-01-21T11:00:36.496Z]: {"agent":"cosine-vscode","version":"1.1.2","package":"@cosine/analytics"}
INFO [2024-01-21T11:00:39.891Z]: project_reinitialize_success
INFO [2024-01-21T11:00:39.891Z]: {"agent":"cosine-vscode","version":"1.1.2","package":"@cosine/analytics"}
INFO [2024-01-21T11:00:52.438Z]: project_reinitialize_start
INFO [2024-01-21T11:00:52.438Z]: {"agent":"cosine-vscode","version":"1.1.2","package":"@cosine/analytics"}
INFO [2024-01-21T11:00:54.635Z]: project_reinitialize_success
INFO [2024-01-21T11:00:54.635Z]: {"agent":"cosine-vscode","version":"1.1.2","package":"@cosine/analytics"}
INFO [2024-01-21T11:01:05.773Z]: project_reinitialize_start
INFO [2024-01-21T11:01:05.774Z]: {"agent":"cosine-vscode","version":"1.1.2","package":"@cosine/analytics"}
INFO [2024-01-21T11:01:08.240Z]: project_reinitialize_success
INFO [2024-01-21T11:01:08.240Z]: {"agent":"cosine-vscode","version":"1.1.2","package":"@cosine/analytics"}
INFO [2024-01-21T11:01:17.013Z]: project_reinitialize_start
INFO [2024-01-21T11:01:17.014Z]: {"agent":"cosine-vscode","version":"1.1.2","package":"@cosine/analytics"}
INFO [2024-01-21T11:01:19.809Z]: project_reinitialize_success
INFO [2024-01-21T11:01:19.809Z]: {"agent":"cosine-vscode","version":"1.1.2","package":"@cosine/analytics"}
INFO [2024-01-21T11:01:35.358Z]: project_reinitialize_start
INFO [2024-01-21T11:01:35.359Z]: {"agent":"cosine-vscode","version":"1.1.2","package":"@cosine/analytics"}
INFO [2024-01-21T11:01:39.568Z]: project_reinitialize_success
INFO [2024-01-21T11:01:39.568Z]: {"agent":"cosine-vscode","version":"1.1.2","package":"@cosine/analytics"}
INFO [2024-01-21T11:02:16.429Z]: project_reinitialize_start
INFO [2024-01-21T11:02:16.429Z]: {"agent":"cosine-vscode","version":"1.1.2","package":"@cosine/analytics"}
INFO [2024-01-21T11:02:19.902Z]: project_reinitialize_success
INFO [2024-01-21T11:02:19.902Z]: {"agent":"cosine-vscode","version":"1.1.2","package":"@cosine/analytics"}
INFO [2024-01-21T11:02:36.565Z]: project_reinitialize_start
INFO [2024-01-21T11:02:36.566Z]: {"agent":"cosine-vscode","version":"1.1.2","package":"@cosine/analytics"}
INFO [2024-01-21T11:02:38.893Z]: project_reinitialize_success
INFO [2024-01-21T11:02:38.893Z]: {"agent":"cosine-vscode","version":"1.1.2","package":"@cosine/analytics"}
INFO [2024-01-21T11:02:49.023Z]: project_reinitialize_start
INFO [2024-01-21T11:02:49.024Z]: {"agent":"cosine-vscode","version":"1.1.2","package":"@cosine/analytics"}
INFO [2024-01-21T11:02:51.535Z]: project_reinitialize_success
INFO [2024-01-21T11:02:51.536Z]: {"agent":"cosine-vscode","version":"1.1.2","package":"@cosine/analytics"}
INFO [2024-01-21T11:03:17.412Z]: project_reinitialize_start
INFO [2024-01-21T11:03:17.413Z]: {"agent":"cosine-vscode","version":"1.1.2","package":"@cosine/analytics"}
INFO [2024-01-21T11:03:19.904Z]: project_reinitialize_success
INFO [2024-01-21T11:03:19.904Z]: {"agent":"cosine-vscode","version":"1.1.2","package":"@cosine/analytics"}
INFO [2024-01-21T11:04:14.125Z]: question_start
INFO [2024-01-21T11:04:14.126Z]: {"prompt":"how to check if the value is equal to number or string","agent":"cosine-vscode","version":"1.1.2","package":"@cosine/analytics"}
INFO [2024-01-21T11:04:14.330Z]: question_failure
INFO [2024-01-21T11:04:14.330Z]: {"prompt":"how to check if the value is equal to number or string","agent":"cosine-vscode","version":"1.1.2","package":"@cosine/analytics"}
INFO [2024-01-21T11:06:21.239Z]: project_reinitialize_start
INFO [2024-01-21T11:06:21.240Z]: {"agent":"cosine-vscode","version":"1.1.2","package":"@cosine/analytics"}
INFO [2024-01-21T11:06:24.063Z]: project_reinitialize_success
INFO [2024-01-21T11:06:24.064Z]: {"agent":"cosine-vscode","version":"1.1.2","package":"@cosine/analytics"}
INFO [2024-01-21T11:06:39.886Z]: project_reinitialize_start
INFO [2024-01-21T11:06:39.887Z]: {"agent":"cosine-vscode","version":"1.1.2","package":"@cosine/analytics"}
INFO [2024-01-21T11:06:42.506Z]: project_reinitialize_success
INFO [2024-01-21T11:06:42.507Z]: {"agent":"cosine-vscode","version":"1.1.2","package":"@cosine/analytics"}
INFO [2024-01-21T11:07:05.230Z]: project_reinitialize_start
INFO [2024-01-21T11:07:05.234Z]: {"agent":"cosine-vscode","version":"1.1.2","package":"@cosine/analytics"}
INFO [2024-01-21T11:07:07.814Z]: project_reinitialize_success
INFO [2024-01-21T11:07:07.814Z]: {"agent":"cosine-vscode","version":"1.1.2","package":"@cosine/analytics"}
INFO [2024-01-21T11:07:20.620Z]: project_reinitialize_start
INFO [2024-01-21T11:07:20.621Z]: {"agent":"cosine-vscode","version":"1.1.2","package":"@cosine/analytics"}
INFO [2024-01-21T11:07:23.012Z]: project_reinitialize_success
INFO [2024-01-21T11:07:23.012Z]: {"agent":"cosine-vscode","version":"1.1.2","package":"@cosine/analytics"}
INFO [2024-01-21T11:07:28.963Z]: project_reinitialize_start
INFO [2024-01-21T11:07:28.964Z]: {"agent":"cosine-vscode","version":"1.1.2","package":"@cosine/analytics"}
INFO [2024-01-21T11:07:31.508Z]: project_reinitialize_success
INFO [2024-01-21T11:07:31.509Z]: {"agent":"cosine-vscode","version":"1.1.2","package":"@cosine/analytics"}
INFO [2024-01-21T11:08:30.761Z]: project_reinitialize_start
INFO [2024-01-21T11:08:30.762Z]: {"agent":"cosine-vscode","version":"1.1.2","package":"@cosine/analytics"}
INFO [2024-01-21T11:08:33.492Z]: project_reinitialize_success
INFO [2024-01-21T11:08:33.492Z]: {"agent":"cosine-vscode","version":"1.1.2","package":"@cosine/analytics"}
INFO [2024-01-21T11:08:51.144Z]: project_reinitialize_start
INFO [2024-01-21T11:08:51.145Z]: {"agent":"cosine-vscode","version":"1.1.2","package":"@cosine/analytics"}
INFO [2024-01-21T11:08:53.575Z]: project_reinitialize_success
INFO [2024-01-21T11:08:53.576Z]: {"agent":"cosine-vscode","version":"1.1.2","package":"@cosine/analytics"}
INFO [2024-01-21T11:13:20.126Z]: project_reinitialize_start
INFO [2024-01-21T11:13:20.126Z]: {"agent":"cosine-vscode","version":"1.1.2","package":"@cosine/analytics"}
INFO [2024-01-21T11:13:22.896Z]: project_reinitialize_success
INFO [2024-01-21T11:13:22.897Z]: {"agent":"cosine-vscode","version":"1.1.2","package":"@cosine/analytics"}
INFO [2024-01-21T11:13:29.930Z]: project_reinitialize_start
INFO [2024-01-21T11:13:29.932Z]: {"agent":"cosine-vscode","version":"1.1.2","package":"@cosine/analytics"}
INFO [2024-01-21T11:13:32.737Z]: project_reinitialize_success
INFO [2024-01-21T11:13:32.738Z]: {"agent":"cosine-vscode","version":"1.1.2","package":"@cosine/analytics"}
INFO [2024-01-21T11:13:42.810Z]: project_reinitialize_start
INFO [2024-01-21T11:13:42.810Z]: {"agent":"cosine-vscode","version":"1.1.2","package":"@cosine/analytics"}
INFO [2024-01-21T11:13:45.341Z]: project_reinitialize_success
INFO [2024-01-21T11:13:45.342Z]: {"agent":"cosine-vscode","version":"1.1.2","package":"@cosine/analytics"}
INFO [2024-01-21T11:14:07.595Z]: project_reinitialize_start
INFO [2024-01-21T11:14:07.596Z]: {"agent":"cosine-vscode","version":"1.1.2","package":"@cosine/analytics"}
INFO [2024-01-21T11:14:10.088Z]: project_reinitialize_success
INFO [2024-01-21T11:14:10.089Z]: {"agent":"cosine-vscode","version":"1.1.2","package":"@cosine/analytics"}
INFO [2024-01-21T11:14:13.503Z]: project_reinitialize_start
INFO [2024-01-21T11:14:13.504Z]: {"agent":"cosine-vscode","version":"1.1.2","package":"@cosine/analytics"}
INFO [2024-01-21T11:14:15.769Z]: project_reinitialize_success
INFO [2024-01-21T11:14:15.770Z]: {"agent":"cosine-vscode","version":"1.1.2","package":"@cosine/analytics"}
INFO [2024-01-21T11:15:26.797Z]: project_reinitialize_start
INFO [2024-01-21T11:15:26.797Z]: {"agent":"cosine-vscode","version":"1.1.2","package":"@cosine/analytics"}
INFO [2024-01-21T11:15:28.961Z]: project_reinitialize_success
INFO [2024-01-21T11:15:28.961Z]: {"agent":"cosine-vscode","version":"1.1.2","package":"@cosine/analytics"}
INFO [2024-01-21T11:15:44.572Z]: project_reinitialize_start
INFO [2024-01-21T11:15:44.573Z]: {"agent":"cosine-vscode","version":"1.1.2","package":"@cosine/analytics"}
INFO [2024-01-21T11:15:46.480Z]: project_reinitialize_success
INFO [2024-01-21T11:15:46.480Z]: {"agent":"cosine-vscode","version":"1.1.2","package":"@cosine/analytics"}
INFO [2024-01-21T11:15:55.147Z]: project_reinitialize_start
INFO [2024-01-21T11:15:55.148Z]: {"agent":"cosine-vscode","version":"1.1.2","package":"@cosine/analytics"}
INFO [2024-01-21T11:15:57.401Z]: project_reinitialize_success
INFO [2024-01-21T11:15:57.401Z]: {"agent":"cosine-vscode","version":"1.1.2","package":"@cosine/analytics"}
INFO [2024-01-21T11:19:47.678Z]: project_reinitialize_start
INFO [2024-01-21T11:19:47.678Z]: {"agent":"cosine-vscode","version":"1.1.2","package":"@cosine/analytics"}
INFO [2024-01-21T11:19:51.116Z]: project_reinitialize_success
INFO [2024-01-21T11:19:51.116Z]: {"agent":"cosine-vscode","version":"1.1.2","package":"@cosine/analytics"}
INFO [2024-01-21T11:22:32.481Z]: project_reinitialize_start
INFO [2024-01-21T11:22:32.481Z]: {"agent":"cosine-vscode","version":"1.1.2","package":"@cosine/analytics"}
INFO [2024-01-21T11:22:35.854Z]: project_reinitialize_success
INFO [2024-01-21T11:22:35.854Z]: {"agent":"cosine-vscode","version":"1.1.2","package":"@cosine/analytics"}
INFO [2024-01-21T11:23:09.657Z]: project_reinitialize_start
INFO [2024-01-21T11:23:09.657Z]: {"agent":"cosine-vscode","version":"1.1.2","package":"@cosine/analytics"}
INFO [2024-01-21T11:23:12.412Z]: project_reinitialize_success
INFO [2024-01-21T11:23:12.412Z]: {"agent":"cosine-vscode","version":"1.1.2","package":"@cosine/analytics"}
INFO [2024-01-21T11:26:29.875Z]: project_reinitialize_start
INFO [2024-01-21T11:26:29.876Z]: {"agent":"cosine-vscode","version":"1.1.2","package":"@cosine/analytics"}
INFO [2024-01-21T11:26:32.712Z]: project_reinitialize_success
INFO [2024-01-21T11:26:32.712Z]: {"agent":"cosine-vscode","version":"1.1.2","package":"@cosine/analytics"}
INFO [2024-01-21T11:27:28.168Z]: project_reinitialize_start
INFO [2024-01-21T11:27:28.168Z]: {"agent":"cosine-vscode","version":"1.1.2","package":"@cosine/analytics"}
INFO [2024-01-21T11:27:30.791Z]: project_reinitialize_success
INFO [2024-01-21T11:27:30.791Z]: {"agent":"cosine-vscode","version":"1.1.2","package":"@cosine/analytics"}
INFO [2024-01-21T11:28:29.775Z]: project_reinitialize_start
INFO [2024-01-21T11:28:29.775Z]: {"agent":"cosine-vscode","version":"1.1.2","package":"@cosine/analytics"}
INFO [2024-01-21T11:28:31.768Z]: project_reinitialize_success
INFO [2024-01-21T11:28:31.769Z]: {"agent":"cosine-vscode","version":"1.1.2","package":"@cosine/analytics"}
INFO [2024-01-21T11:29:24.385Z]: project_reinitialize_start
INFO [2024-01-21T11:29:24.386Z]: {"agent":"cosine-vscode","version":"1.1.2","package":"@cosine/analytics"}
INFO [2024-01-21T11:29:27.402Z]: project_reinitialize_success
INFO [2024-01-21T11:29:27.402Z]: {"agent":"cosine-vscode","version":"1.1.2","package":"@cosine/analytics"}
INFO [2024-01-21T11:30:05.655Z]: project_reinitialize_start
INFO [2024-01-21T11:30:05.656Z]: {"agent":"cosine-vscode","version":"1.1.2","package":"@cosine/analytics"}
INFO [2024-01-21T11:30:08.213Z]: project_reinitialize_success
INFO [2024-01-21T11:30:08.213Z]: {"agent":"cosine-vscode","version":"1.1.2","package":"@cosine/analytics"}
INFO [2024-01-21T11:31:37.848Z]: project_reinitialize_start
INFO [2024-01-21T11:31:37.849Z]: {"agent":"cosine-vscode","version":"1.1.2","package":"@cosine/analytics"}
INFO [2024-01-21T11:31:40.385Z]: project_reinitialize_success
INFO [2024-01-21T11:31:40.386Z]: {"agent":"cosine-vscode","version":"1.1.2","package":"@cosine/analytics"}
INFO [2024-01-21T11:33:46.866Z]: project_reinitialize_start
INFO [2024-01-21T11:33:46.866Z]: {"agent":"cosine-vscode","version":"1.1.2","package":"@cosine/analytics"}
INFO [2024-01-21T11:33:49.481Z]: project_reinitialize_success
INFO [2024-01-21T11:33:49.481Z]: {"agent":"cosine-vscode","version":"1.1.2","package":"@cosine/analytics"}
INFO [2024-01-21T11:36:00.177Z]: project_reinitialize_start
INFO [2024-01-21T11:36:00.178Z]: {"agent":"cosine-vscode","version":"1.1.2","package":"@cosine/analytics"}
INFO [2024-01-21T11:36:02.852Z]: project_reinitialize_success
INFO [2024-01-21T11:36:02.853Z]: {"agent":"cosine-vscode","version":"1.1.2","package":"@cosine/analytics"}
INFO [2024-01-21T11:41:43.361Z]: project_reinitialize_start
INFO [2024-01-21T11:41:43.361Z]: {"agent":"cosine-vscode","version":"1.1.2","package":"@cosine/analytics"}
INFO [2024-01-21T11:41:45.612Z]: project_reinitialize_success
INFO [2024-01-21T11:41:45.612Z]: {"agent":"cosine-vscode","version":"1.1.2","package":"@cosine/analytics"}
INFO [2024-01-21T11:42:32.239Z]: project_reinitialize_start
INFO [2024-01-21T11:42:32.240Z]: {"agent":"cosine-vscode","version":"1.1.2","package":"@cosine/analytics"}
INFO [2024-01-21T11:42:34.896Z]: project_reinitialize_success
INFO [2024-01-21T11:42:34.896Z]: {"agent":"cosine-vscode","version":"1.1.2","package":"@cosine/analytics"}
INFO [2024-01-21T11:42:55.289Z]: project_reinitialize_start
INFO [2024-01-21T11:42:55.290Z]: {"agent":"cosine-vscode","version":"1.1.2","package":"@cosine/analytics"}
INFO [2024-01-21T11:42:57.744Z]: project_reinitialize_success
INFO [2024-01-21T11:42:57.744Z]: {"agent":"cosine-vscode","version":"1.1.2","package":"@cosine/analytics"}
INFO [2024-01-21T11:46:20.542Z]: project_reinitialize_start
INFO [2024-01-21T11:46:20.543Z]: {"agent":"cosine-vscode","version":"1.1.2","package":"@cosine/analytics"}
INFO [2024-01-21T11:46:22.892Z]: project_reinitialize_success
INFO [2024-01-21T11:46:22.893Z]: {"agent":"cosine-vscode","version":"1.1.2","package":"@cosine/analytics"}
INFO [2024-01-21T11:48:00.053Z]: project_reinitialize_start
INFO [2024-01-21T11:48:00.054Z]: {"agent":"cosine-vscode","version":"1.1.2","package":"@cosine/analytics"}
INFO [2024-01-21T11:48:03.160Z]: project_reinitialize_success
INFO [2024-01-21T11:48:03.161Z]: {"agent":"cosine-vscode","version":"1.1.2","package":"@cosine/analytics"}
INFO [2024-01-21T11:48:28.979Z]: project_reinitialize_start
INFO [2024-01-21T11:48:28.980Z]: {"agent":"cosine-vscode","version":"1.1.2","package":"@cosine/analytics"}
INFO [2024-01-21T11:48:31.713Z]: project_reinitialize_success
INFO [2024-01-21T11:48:31.714Z]: {"agent":"cosine-vscode","version":"1.1.2","package":"@cosine/analytics"}
INFO [2024-01-21T11:48:39.996Z]: project_reinitialize_start
INFO [2024-01-21T11:48:39.997Z]: {"agent":"cosine-vscode","version":"1.1.2","package":"@cosine/analytics"}
INFO [2024-01-21T11:48:42.718Z]: project_reinitialize_success
INFO [2024-01-21T11:48:42.719Z]: {"agent":"cosine-vscode","version":"1.1.2","package":"@cosine/analytics"}
INFO [2024-01-21T11:50:48.946Z]: project_reinitialize_start
INFO [2024-01-21T11:50:48.947Z]: {"agent":"cosine-vscode","version":"1.1.2","package":"@cosine/analytics"}
INFO [2024-01-21T11:50:51.765Z]: project_reinitialize_success
INFO [2024-01-21T11:50:51.765Z]: {"agent":"cosine-vscode","version":"1.1.2","package":"@cosine/analytics"}
INFO [2024-01-21T11:53:33.643Z]: project_reinitialize_start
INFO [2024-01-21T11:53:33.644Z]: {"agent":"cosine-vscode","version":"1.1.2","package":"@cosine/analytics"}
INFO [2024-01-21T11:53:36.586Z]: project_reinitialize_success
INFO [2024-01-21T11:53:36.587Z]: {"agent":"cosine-vscode","version":"1.1.2","package":"@cosine/analytics"}
INFO [2024-01-21T11:54:25.717Z]: project_reinitialize_start
INFO [2024-01-21T11:54:25.718Z]: {"agent":"cosine-vscode","version":"1.1.2","package":"@cosine/analytics"}
INFO [2024-01-21T11:54:28.741Z]: project_reinitialize_success
INFO [2024-01-21T11:54:28.742Z]: {"agent":"cosine-vscode","version":"1.1.2","package":"@cosine/analytics"}
INFO [2024-01-21T11:54:33.942Z]: project_reinitialize_start
INFO [2024-01-21T11:54:33.944Z]: {"agent":"cosine-vscode","version":"1.1.2","package":"@cosine/analytics"}
INFO [2024-01-21T11:54:36.711Z]: project_reinitialize_success
INFO [2024-01-21T11:54:36.712Z]: {"agent":"cosine-vscode","version":"1.1.2","package":"@cosine/analytics"}
INFO [2024-01-21T11:55:01.461Z]: project_reinitialize_start
INFO [2024-01-21T11:55:01.461Z]: {"agent":"cosine-vscode","version":"1.1.2","package":"@cosine/analytics"}
INFO [2024-01-21T11:55:04.354Z]: project_reinitialize_success
INFO [2024-01-21T11:55:04.355Z]: {"agent":"cosine-vscode","version":"1.1.2","package":"@cosine/analytics"}
INFO [2024-01-21T11:55:09.340Z]: project_reinitialize_start
INFO [2024-01-21T11:55:09.340Z]: {"agent":"cosine-vscode","version":"1.1.2","package":"@cosine/analytics"}
INFO [2024-01-21T11:55:12.114Z]: project_reinitialize_success
INFO [2024-01-21T11:55:12.115Z]: {"agent":"cosine-vscode","version":"1.1.2","package":"@cosine/analytics"}
INFO [2024-01-21T11:55:25.463Z]: project_reinitialize_start
INFO [2024-01-21T11:55:25.464Z]: {"agent":"cosine-vscode","version":"1.1.2","package":"@cosine/analytics"}
INFO [2024-01-21T11:55:26.520Z]: project_reinitialize_success
INFO [2024-01-21T11:55:26.520Z]: {"agent":"cosine-vscode","version":"1.1.2","package":"@cosine/analytics"}
INFO [2024-01-21T11:55:37.707Z]: project_reinitialize_start
INFO [2024-01-21T11:55:37.708Z]: {"agent":"cosine-vscode","version":"1.1.2","package":"@cosine/analytics"}
INFO [2024-01-21T11:55:40.323Z]: project_reinitialize_success
INFO [2024-01-21T11:55:40.324Z]: {"agent":"cosine-vscode","version":"1.1.2","package":"@cosine/analytics"}
INFO [2024-01-21T11:56:20.825Z]: project_reinitialize_start
INFO [2024-01-21T11:56:20.825Z]: {"agent":"cosine-vscode","version":"1.1.2","package":"@cosine/analytics"}
INFO [2024-01-21T11:56:23.528Z]: project_reinitialize_success
INFO [2024-01-21T11:56:23.529Z]: {"agent":"cosine-vscode","version":"1.1.2","package":"@cosine/analytics"}
INFO [2024-01-21T11:56:30.403Z]: project_reinitialize_start
INFO [2024-01-21T11:56:30.405Z]: {"agent":"cosine-vscode","version":"1.1.2","package":"@cosine/analytics"}
INFO [2024-01-21T11:56:35.116Z]: project_reinitialize_success
INFO [2024-01-21T11:56:35.116Z]: {"agent":"cosine-vscode","version":"1.1.2","package":"@cosine/analytics"}
INFO [2024-01-21T11:57:09.007Z]: project_reinitialize_start
INFO [2024-01-21T11:57:09.008Z]: {"agent":"cosine-vscode","version":"1.1.2","package":"@cosine/analytics"}
INFO [2024-01-21T11:57:11.482Z]: project_reinitialize_success
INFO [2024-01-21T11:57:11.483Z]: {"agent":"cosine-vscode","version":"1.1.2","package":"@cosine/analytics"}
INFO [2024-01-21T11:57:16.679Z]: project_reinitialize_start
INFO [2024-01-21T11:57:16.679Z]: {"agent":"cosine-vscode","version":"1.1.2","package":"@cosine/analytics"}
INFO [2024-01-21T11:57:22.418Z]: project_reinitialize_success
INFO [2024-01-21T11:57:22.418Z]: {"agent":"cosine-vscode","version":"1.1.2","package":"@cosine/analytics"}
INFO [2024-01-21T11:57:38.092Z]: project_reinitialize_start
INFO [2024-01-21T11:57:38.093Z]: {"agent":"cosine-vscode","version":"1.1.2","package":"@cosine/analytics"}
INFO [2024-01-21T11:57:41.492Z]: project_reinitialize_success
INFO [2024-01-21T11:57:41.493Z]: {"agent":"cosine-vscode","version":"1.1.2","package":"@cosine/analytics"}
INFO [2024-01-21T11:58:40.602Z]: project_reinitialize_start
INFO [2024-01-21T11:58:40.603Z]: {"agent":"cosine-vscode","version":"1.1.2","package":"@cosine/analytics"}
INFO [2024-01-21T11:58:43.145Z]: project_reinitialize_success
INFO [2024-01-21T11:58:43.145Z]: {"agent":"cosine-vscode","version":"1.1.2","package":"@cosine/analytics"}
INFO [2024-01-21T12:03:22.405Z]: project_reinitialize_start
INFO [2024-01-21T12:03:22.406Z]: {"agent":"cosine-vscode","version":"1.1.2","package":"@cosine/analytics"}
INFO [2024-01-21T12:03:24.802Z]: project_reinitialize_success
INFO [2024-01-21T12:03:24.803Z]: {"agent":"cosine-vscode","version":"1.1.2","package":"@cosine/analytics"}
INFO [2024-01-21T12:06:13.450Z]: project_reinitialize_start
INFO [2024-01-21T12:06:13.453Z]: {"agent":"cosine-vscode","version":"1.1.2","package":"@cosine/analytics"}
INFO [2024-01-21T12:06:15.894Z]: project_reinitialize_success
INFO [2024-01-21T12:06:15.895Z]: {"agent":"cosine-vscode","version":"1.1.2","package":"@cosine/analytics"}
INFO [2024-01-21T12:07:16.977Z]: project_reinitialize_start
INFO [2024-01-21T12:07:16.978Z]: {"agent":"cosine-vscode","version":"1.1.2","package":"@cosine/analytics"}
INFO [2024-01-21T12:07:19.525Z]: project_reinitialize_success
INFO [2024-01-21T12:07:19.526Z]: {"agent":"cosine-vscode","version":"1.1.2","package":"@cosine/analytics"}
INFO [2024-01-21T12:07:23.627Z]: project_reinitialize_start
INFO [2024-01-21T12:07:23.627Z]: {"agent":"cosine-vscode","version":"1.1.2","package":"@cosine/analytics"}
INFO [2024-01-21T12:07:26.568Z]: project_reinitialize_success
INFO [2024-01-21T12:07:26.569Z]: {"agent":"cosine-vscode","version":"1.1.2","package":"@cosine/analytics"}
INFO [2024-01-21T12:07:37.484Z]: project_reinitialize_start
INFO [2024-01-21T12:07:37.485Z]: {"agent":"cosine-vscode","version":"1.1.2","package":"@cosine/analytics"}
INFO [2024-01-21T12:07:40.131Z]: project_reinitialize_success
INFO [2024-01-21T12:07:40.131Z]: {"agent":"cosine-vscode","version":"1.1.2","package":"@cosine/analytics"}
INFO [2024-01-21T12:10:16.578Z]: project_reinitialize_start
INFO [2024-01-21T12:10:16.579Z]: {"agent":"cosine-vscode","version":"1.1.2","package":"@cosine/analytics"}
INFO [2024-01-21T12:10:18.878Z]: project_reinitialize_success
INFO [2024-01-21T12:10:18.878Z]: {"agent":"cosine-vscode","version":"1.1.2","package":"@cosine/analytics"}
INFO [2024-01-21T12:20:02.820Z]: project_reinitialize_start
INFO [2024-01-21T12:20:02.821Z]: {"agent":"cosine-vscode","version":"1.1.2","package":"@cosine/analytics"}
INFO [2024-01-21T12:20:05.707Z]: project_reinitialize_success
INFO [2024-01-21T12:20:05.707Z]: {"agent":"cosine-vscode","version":"1.1.2","package":"@cosine/analytics"}
INFO [2024-01-21T12:21:46.872Z]: project_reinitialize_start
INFO [2024-01-21T12:21:46.873Z]: {"agent":"cosine-vscode","version":"1.1.2","package":"@cosine/analytics"}
INFO [2024-01-21T12:21:51.012Z]: project_reinitialize_success
INFO [2024-01-21T12:21:51.012Z]: {"agent":"cosine-vscode","version":"1.1.2","package":"@cosine/analytics"}
INFO [2024-01-21T12:22:01.768Z]: project_reinitialize_start
INFO [2024-01-21T12:22:01.769Z]: {"agent":"cosine-vscode","version":"1.1.2","package":"@cosine/analytics"}
INFO [2024-01-21T12:22:04.474Z]: project_reinitialize_success
INFO [2024-01-21T12:22:04.474Z]: {"agent":"cosine-vscode","version":"1.1.2","package":"@cosine/analytics"}
INFO [2024-01-21T12:22:05.909Z]: project_reinitialize_start
INFO [2024-01-21T12:22:05.911Z]: {"agent":"cosine-vscode","version":"1.1.2","package":"@cosine/analytics"}
INFO [2024-01-21T12:22:07.073Z]: project_reinitialize_success
INFO [2024-01-21T12:22:07.074Z]: {"agent":"cosine-vscode","version":"1.1.2","package":"@cosine/analytics"}
INFO [2024-01-21T12:31:12.625Z]: project_reinitialize_start
INFO [2024-01-21T12:31:12.626Z]: {"agent":"cosine-vscode","version":"1.1.2","package":"@cosine/analytics"}
INFO [2024-01-21T12:31:15.085Z]: project_reinitialize_success
INFO [2024-01-21T12:31:15.085Z]: {"agent":"cosine-vscode","version":"1.1.2","package":"@cosine/analytics"}
INFO [2024-01-21T12:42:09.338Z]: project_reinitialize_start
INFO [2024-01-21T12:42:09.339Z]: {"agent":"cosine-vscode","version":"1.1.2","package":"@cosine/analytics"}
INFO [2024-01-21T12:42:12.805Z]: project_reinitialize_success
INFO [2024-01-21T12:42:12.805Z]: {"agent":"cosine-vscode","version":"1.1.2","package":"@cosine/analytics"}
INFO [2024-01-21T12:43:14.485Z]: project_reinitialize_start
INFO [2024-01-21T12:43:14.485Z]: {"agent":"cosine-vscode","version":"1.1.2","package":"@cosine/analytics"}
INFO [2024-01-21T12:43:16.690Z]: project_reinitialize_success
INFO [2024-01-21T12:43:16.691Z]: {"agent":"cosine-vscode","version":"1.1.2","package":"@cosine/analytics"}
INFO [2024-01-21T12:44:49.359Z]: project_reinitialize_start
INFO [2024-01-21T12:44:49.359Z]: {"agent":"cosine-vscode","version":"1.1.2","package":"@cosine/analytics"}
INFO [2024-01-21T12:44:52.621Z]: project_reinitialize_success
INFO [2024-01-21T12:44:52.622Z]: {"agent":"cosine-vscode","version":"1.1.2","package":"@cosine/analytics"}
INFO [2024-01-21T12:47:37.220Z]: project_reinitialize_start
INFO [2024-01-21T12:47:37.221Z]: {"agent":"cosine-vscode","version":"1.1.2","package":"@cosine/analytics"}
INFO [2024-01-21T12:47:39.694Z]: project_reinitialize_success
INFO [2024-01-21T12:47:39.695Z]: {"agent":"cosine-vscode","version":"1.1.2","package":"@cosine/analytics"}
INFO [2024-01-21T12:48:02.887Z]: project_reinitialize_start
INFO [2024-01-21T12:48:02.888Z]: {"agent":"cosine-vscode","version":"1.1.2","package":"@cosine/analytics"}
INFO [2024-01-21T12:48:06.027Z]: project_reinitialize_success
INFO [2024-01-21T12:48:06.027Z]: {"agent":"cosine-vscode","version":"1.1.2","package":"@cosine/analytics"}
INFO [2024-01-21T12:48:20.517Z]: project_reinitialize_start
INFO [2024-01-21T12:48:20.518Z]: {"agent":"cosine-vscode","version":"1.1.2","package":"@cosine/analytics"}
INFO [2024-01-21T12:48:21.940Z]: project_reinitialize_success
INFO [2024-01-21T12:48:21.941Z]: {"agent":"cosine-vscode","version":"1.1.2","package":"@cosine/analytics"}
INFO [2024-01-21T12:50:28.889Z]: project_reinitialize_start
INFO [2024-01-21T12:50:28.890Z]: {"agent":"cosine-vscode","version":"1.1.2","package":"@cosine/analytics"}
INFO [2024-01-21T12:50:32.549Z]: project_reinitialize_success
INFO [2024-01-21T12:50:32.550Z]: {"agent":"cosine-vscode","version":"1.1.2","package":"@cosine/analytics"}
INFO [2024-01-21T12:51:18.748Z]: project_reinitialize_start
INFO [2024-01-21T12:51:18.749Z]: {"agent":"cosine-vscode","version":"1.1.2","package":"@cosine/analytics"}
INFO [2024-01-21T12:51:20.924Z]: project_reinitialize_success
INFO [2024-01-21T12:51:20.924Z]: {"agent":"cosine-vscode","version":"1.1.2","package":"@cosine/analytics"}
INFO [2024-01-21T12:53:02.785Z]: project_reinitialize_start
INFO [2024-01-21T12:53:02.789Z]: {"agent":"cosine-vscode","version":"1.1.2","package":"@cosine/analytics"}
INFO [2024-01-21T12:53:04.943Z]: project_reinitialize_success
INFO [2024-01-21T12:53:04.944Z]: {"agent":"cosine-vscode","version":"1.1.2","package":"@cosine/analytics"}
INFO [2024-01-21T12:55:31.813Z]: project_reinitialize_start
INFO [2024-01-21T12:55:31.813Z]: {"agent":"cosine-vscode","version":"1.1.2","package":"@cosine/analytics"}
INFO [2024-01-21T12:55:34.381Z]: project_reinitialize_success
INFO [2024-01-21T12:55:34.382Z]: {"agent":"cosine-vscode","version":"1.1.2","package":"@cosine/analytics"}
INFO [2024-01-21T12:58:08.070Z]: project_reinitialize_start
INFO [2024-01-21T12:58:08.071Z]: {"agent":"cosine-vscode","version":"1.1.2","package":"@cosine/analytics"}
INFO [2024-01-21T12:58:12.722Z]: project_reinitialize_success
INFO [2024-01-21T12:58:12.723Z]: {"agent":"cosine-vscode","version":"1.1.2","package":"@cosine/analytics"}
INFO [2024-01-21T12:58:53.236Z]: project_reinitialize_start
INFO [2024-01-21T12:58:53.236Z]: {"agent":"cosine-vscode","version":"1.1.2","package":"@cosine/analytics"}
INFO [2024-01-21T12:58:56.221Z]: project_reinitialize_success
INFO [2024-01-21T12:58:56.222Z]: {"agent":"cosine-vscode","version":"1.1.2","package":"@cosine/analytics"}
INFO [2024-01-21T12:59:18.972Z]: project_reinitialize_start
INFO [2024-01-21T12:59:18.973Z]: {"agent":"cosine-vscode","version":"1.1.2","package":"@cosine/analytics"}
INFO [2024-01-21T12:59:21.821Z]: project_reinitialize_success
INFO [2024-01-21T12:59:21.822Z]: {"agent":"cosine-vscode","version":"1.1.2","package":"@cosine/analytics"}
INFO [2024-01-21T13:03:06.750Z]: project_reinitialize_start
INFO [2024-01-21T13:03:06.752Z]: {"agent":"cosine-vscode","version":"1.1.2","package":"@cosine/analytics"}
INFO [2024-01-21T13:03:10.070Z]: project_reinitialize_success
INFO [2024-01-21T13:03:10.070Z]: {"agent":"cosine-vscode","version":"1.1.2","package":"@cosine/analytics"}
INFO [2024-01-21T13:10:50.981Z]: project_reinitialize_start
INFO [2024-01-21T13:10:50.983Z]: {"agent":"cosine-vscode","version":"1.1.2","package":"@cosine/analytics"}
INFO [2024-01-21T13:10:55.722Z]: project_reinitialize_success
INFO [2024-01-21T13:10:55.723Z]: {"agent":"cosine-vscode","version":"1.1.2","package":"@cosine/analytics"}
INFO [2024-01-21T13:11:05.573Z]: project_reinitialize_start
INFO [2024-01-21T13:11:05.574Z]: {"agent":"cosine-vscode","version":"1.1.2","package":"@cosine/analytics"}
INFO [2024-01-21T13:11:08.953Z]: project_reinitialize_success
INFO [2024-01-21T13:11:08.953Z]: {"agent":"cosine-vscode","version":"1.1.2","package":"@cosine/analytics"}
INFO [2024-01-21T13:20:43.919Z]: project_reinitialize_start
INFO [2024-01-21T13:20:43.921Z]: {"agent":"cosine-vscode","version":"1.1.2","package":"@cosine/analytics"}
INFO [2024-01-21T13:20:48.721Z]: project_reinitialize_success
INFO [2024-01-21T13:20:48.722Z]: {"agent":"cosine-vscode","version":"1.1.2","package":"@cosine/analytics"}
INFO [2024-01-21T13:27:11.911Z]: project_reinitialize_start
INFO [2024-01-21T13:27:11.913Z]: {"agent":"cosine-vscode","version":"1.1.2","package":"@cosine/analytics"}
INFO [2024-01-21T13:27:16.688Z]: project_reinitialize_success
INFO [2024-01-21T13:27:16.688Z]: {"agent":"cosine-vscode","version":"1.1.2","package":"@cosine/analytics"}
INFO [2024-01-21T13:28:37.254Z]: project_reinitialize_start
INFO [2024-01-21T13:28:37.255Z]: {"agent":"cosine-vscode","version":"1.1.2","package":"@cosine/analytics"}
INFO [2024-01-21T13:28:42.130Z]: project_reinitialize_success
INFO [2024-01-21T13:28:42.131Z]: {"agent":"cosine-vscode","version":"1.1.2","package":"@cosine/analytics"}
INFO [2024-01-21T13:30:32.882Z]: question_start
INFO [2024-01-21T13:30:32.883Z]: {"prompt":"hi","agent":"cosine-vscode","version":"1.1.2","package":"@cosine/analytics"}
INFO [2024-01-21T13:30:33.091Z]: question_failure
INFO [2024-01-21T13:30:33.092Z]: {"prompt":"hi","agent":"cosine-vscode","version":"1.1.2","package":"@cosine/analytics"}
INFO [2024-01-21T13:30:38.978Z]: project_reinitialize_start
INFO [2024-01-21T13:30:38.979Z]: {"agent":"cosine-vscode","version":"1.1.2","package":"@cosine/analytics"}
INFO [2024-01-21T13:31:45.508Z]: Set User: priyanshuqpwp@gmail.com
INFO [2024-01-21T13:31:45.510Z]: {"Telemetry":true}
INFO [2024-01-21T13:31:47.172Z]: project_reinitialize_start
INFO [2024-01-21T13:31:47.173Z]: {"agent":"cosine-vscode","version":"1.1.2","package":"@cosine/analytics"}
INFO [2024-01-21T13:31:47.176Z]: extension_initialized
INFO [2024-01-21T13:31:47.176Z]: {"timeToInit":7292,"agent":"cosine-vscode","version":"1.1.2","package":"@cosine/analytics"}
INFO [2024-01-21T13:31:50.382Z]: project_reinitialize_success
INFO [2024-01-21T13:31:50.383Z]: {"agent":"cosine-vscode","version":"1.1.2","package":"@cosine/analytics"}